  DeepQlearning.cpp
D:\AA tomovy projekty\programi\ProjectsInProgress\DeepQlearning\DeepQlearning.cpp(146,10): warning C4804: <: Potenciálně nebezpečné používání typu bool v operaci
D:\AA tomovy projekty\programi\ProjectsInProgress\DeepQlearning\DeepQlearning.cpp(179,21): warning C4018: <: signed/unsigned – neshoda
D:\AA tomovy projekty\programi\ProjectsInProgress\DeepQlearning\DeepQlearning.cpp(245,21): warning C4018: <: signed/unsigned – neshoda
D:\AA tomovy projekty\programi\ProjectsInProgress\DeepQlearning\DeepQlearning.cpp(246,22): warning C4018: <: signed/unsigned – neshoda
D:\AA tomovy projekty\programi\ProjectsInProgress\DeepQlearning\DeepQlearning.cpp(255,21): warning C4018: <: signed/unsigned – neshoda
D:\AA tomovy projekty\programi\ProjectsInProgress\DeepQlearning\DeepQlearning.cpp(256,22): warning C4018: <: signed/unsigned – neshoda
D:\AA tomovy projekty\programi\ProjectsInProgress\DeepQlearning\DeepQlearning.cpp(265,21): warning C4018: <: signed/unsigned – neshoda
D:\AA tomovy projekty\programi\ProjectsInProgress\DeepQlearning\DeepQlearning.cpp(328,69): warning C4244: =: long double se převádí na float; může dojít ke ztrátě dat.
D:\AA tomovy projekty\programi\ProjectsInProgress\DeepQlearning\DeepQlearning.cpp(329,70): warning C4244: =: long double se převádí na float; může dojít ke ztrátě dat.
D:\AA tomovy projekty\programi\ProjectsInProgress\DeepQlearning\DeepQlearning.cpp(330,69): warning C4244: =: long double se převádí na float; může dojít ke ztrátě dat.
D:\AA tomovy projekty\programi\ProjectsInProgress\DeepQlearning\DeepQlearning.cpp(331,68): warning C4244: =: long double se převádí na float; může dojít ke ztrátě dat.
D:\AA tomovy projekty\programi\ProjectsInProgress\DeepQlearning\DeepQlearning.cpp(333,71): warning C4244: =: long double se převádí na int; může dojít ke ztrátě dat.
D:\AA tomovy projekty\programi\ProjectsInProgress\DeepQlearning\DeepQlearning.cpp(657,25): warning C4244: argument: double se převádí na int; může dojít ke ztrátě dat.
D:\AA tomovy projekty\programi\ProjectsInProgress\DeepQlearning\DeepQlearning.cpp(658,26): warning C4244: argument: double se převádí na int; může dojít ke ztrátě dat.
D:\AA tomovy projekty\programi\ProjectsInProgress\DeepQlearning\DeepQlearning.cpp(659,26): warning C4244: argument: double se převádí na int; může dojít ke ztrátě dat.
D:\AA tomovy projekty\programi\ProjectsInProgress\DeepQlearning\DeepQlearning.cpp(800,23): warning C4244: argument: double se převádí na int; může dojít ke ztrátě dat.
D:\AA tomovy projekty\programi\ProjectsInProgress\DeepQlearning\DeepQlearning.cpp(801,24): warning C4244: argument: double se převádí na int; může dojít ke ztrátě dat.
D:\AA tomovy projekty\programi\ProjectsInProgress\DeepQlearning\DeepQlearning.cpp(802,24): warning C4244: argument: double se převádí na int; může dojít ke ztrátě dat.
D:\AA tomovy projekty\programi\ProjectsInProgress\DeepQlearning\DeepQlearning.cpp(963,31): warning C4018: <: signed/unsigned – neshoda
  DeepQlearning.vcxproj -> D:\AA tomovy projekty\programi\ProjectsInProgress\DeepQlearning\Debug\DeepQlearning.exe
